2020-01-24 10:54:37 CarinaListener [INFO] 
============= Test configuration =============
url={must_override}
env=DEMO
env_arg_resolver=com.qaprosoft.carina.core.foundation.utils.DefaultEnvArgResolver
platform=*
browser=
browser_version=
browser_language=
selenium_host=http://localhost:4723/wd/hub
driver_event_listeners=com.qaprosoft.carina.demo.utils.PerfEventHandler
max_driver_count=3
custom_capabilities=
chrome_args=
chrome_experimental_opts=
chrome_mobile_emulation_opts=
firefox_args=
firefox_preferences=
app_version=
proxy_host=
proxy_port=
proxy_protocols=http,https,ftp
browsermob_proxy=false
browsermob_host=
browsermob_port=0
browsermob_ports_range=
browsermob_disabled_mitm=false
proxy_set_to_system=false
report_url=
email_list=
failure_email_list=
track_known_issues=false
auto_screenshot=true
implicit_timeout=10
explicit_timeout=20
auto_download=false
auto_download_apps=
custom_artifacts_folder=
retry_interval=5
project_report_directory=./reports/qa
max_screen_history=10
max_log_file_size=150
result_sorting=true
big_screen_width=-1
big_screen_height=-1
small_screen_width=90
small_screen_height=60
init_retry_count=0
init_retry_interval=1
retry_count=0
enable_l10n=true
l10n_encoding=ISO-8859-1
locale=en_US
enable_i18n=true
language=en_US
thread_count=1
data_provider_thread_count=-1
core_log_level=INFO
core_log_packages=com.qaprosoft.carina.core
artifacts_expiration_seconds=2592000
log_all_json=true
date_format=HH:mm:ss yyyy-MM-dd
time_format=HH:mm:ss
suite_name=
jira_updater=com.qaprosoft.carina.core.foundation.jira.DefaultJiraUpdater
jira_url=
jira_user=
jira_password=
jira_suite_id=
jira_project=
jira_project_short=
jira_create_new_ticket=false
test_naming_pattern={method_name}
optimize_video_recording=false
testrail_run_name=
testrail_milestone=
testrail_assignee=
qtest_cycle_name=DailyAutomation
qtest_suite_name=
s3_bucket_name=
access_key_id=
secret_key=
s3_use_presign_url=false
s3_local_storage=.
appcenter_token=
appcenter_local_storage=.
add_new_localization=false
add_new_localization_encoding=utf-8
add_new_localization_path=
add_new_localization_property_name=new_custom_messages_
tls_keysecure_location=
health_check_class=
health_check_methods=
uninstall_related_apps=false
default_device_timezone=GMT
default_device_time_format=24
default_device_language=en_US
android_screen_record_size=
android_screen_record_bitrate=
android_enable_bug_report=true
ios_screen_record_quality=MEDIUM
ios_screen_record_codec=libx264
ios_screen_record_fps=10
screen_record_duration=180
video_scale=-2:720
ignore_ssl=false
test_run_rules=
hub_mode=selenium
extract_sys_log=false
selenium_host=http://localhost:4723/wd/hub

------------- Driver capabilities -----------
capabilities.deviceName=GIONEE A1
capabilities.appPackage=com.amazon.mShop.android.shopping
capabilities.platformVersion=7
capabilities.appActivity=com.amazon.mShop.splashscreen.StartupActivity
capabilities.automationName=uiautomator2
capabilities.platformName=ANDROID
capabilities.deviceType=phone
================================================

2020-01-24 10:54:37 CarinaListener [INFO] Set data_provider_thread_count=1
2020-01-24 10:54:37 CarinaListener [INFO] CARINA_CORE_VERSION: 6.3.30
2020-01-24 10:54:37 Messager [INFO]  TEST [Default test - init] STARTED at [10:54:37 2020-01-24]
2020-01-24 10:54:53 Device [INFO] Test will be started on device: A1:
2020-01-24 10:54:57 Messager [ERROR] A1 TEST [Default test - init] FAILED at [10:54:57 2020-01-24] - There is no any class that satisfy to required conditions: [parent class - com.qaprosoft.carina.demo.mobile.gui.pages.common.AmazonHomeBase], [device type - ANDROID_PHONE]

com.qaprosoft.carina.core.foundation.utils.factory.ICustomTypePageFactory.initPage(ICustomTypePageFactory.java:110)
com.qaprosoft.carina.demo.AmazonTest.init(AmazonTest.java:14)
sun.reflect.NativeMethodAccessorImpl.invoke0(Native Method)
sun.reflect.NativeMethodAccessorImpl.invoke(Unknown Source)
sun.reflect.DelegatingMethodAccessorImpl.invoke(Unknown Source)
java.lang.reflect.Method.invoke(Unknown Source)
org.testng.internal.MethodInvocationHelper.invokeMethod(MethodInvocationHelper.java:124)
org.testng.internal.Invoker.invokeMethod(Invoker.java:583)
org.testng.internal.Invoker.invokeTestMethod(Invoker.java:719)
org.testng.internal.Invoker.invokeTestMethods(Invoker.java:989)
org.testng.internal.TestMethodWorker.invokeTestMethods(TestMethodWorker.java:125)
org.testng.internal.TestMethodWorker.run(TestMethodWorker.java:109)
org.testng.TestRunner.privateRun(TestRunner.java:648)
org.testng.TestRunner.run(TestRunner.java:505)
org.testng.SuiteRunner.runTest(SuiteRunner.java:455)
org.testng.SuiteRunner.runSequentially(SuiteRunner.java:450)
org.testng.SuiteRunner.privateRun(SuiteRunner.java:415)
org.testng.SuiteRunner.run(SuiteRunner.java:364)
org.testng.SuiteRunnerWorker.runSuite(SuiteRunnerWorker.java:52)
org.testng.SuiteRunnerWorker.run(SuiteRunnerWorker.java:84)
org.testng.TestNG.runSuitesSequentially(TestNG.java:1208)
org.testng.TestNG.runSuitesLocally(TestNG.java:1137)
org.testng.TestNG.runSuites(TestNG.java:1049)
org.testng.TestNG.run(TestNG.java:1017)
org.testng.remote.AbstractRemoteTestNG.run(AbstractRemoteTestNG.java:115)
org.testng.remote.RemoteTestNG.initAndRun(RemoteTestNG.java:251)
org.testng.remote.RemoteTestNG.main(RemoteTestNG.java:77)
2020-01-24 10:54:57 Messager [INFO] INFO: '**************** Test execution summary ****************'.
2020-01-24 10:54:57 Messager [INFO] RESULT #1: TEST [Default test - init] FAIL [screenshots=file://C:\Users\Desktop-007\eclipse-workspace\Atlas_Demo\.\reports\qa\1579843477133/ef978c7c-f750-486d-9018-1d6c49868f85/report.html | log=file://C:\Users\Desktop-007\eclipse-workspace\Atlas_Demo\.\reports\qa\1579843477133/ef978c7c-f750-486d-9018-1d6c49868f85/test.log]
2020-01-24 11:00:36 CarinaListener [INFO] 
============= Test configuration =============
url={must_override}
env=DEMO
env_arg_resolver=com.qaprosoft.carina.core.foundation.utils.DefaultEnvArgResolver
platform=*
browser=
browser_version=
browser_language=
selenium_host=http://localhost:4723/wd/hub
driver_event_listeners=com.qaprosoft.carina.demo.utils.PerfEventHandler
max_driver_count=3
custom_capabilities=
chrome_args=
chrome_experimental_opts=
chrome_mobile_emulation_opts=
firefox_args=
firefox_preferences=
app_version=
proxy_host=
proxy_port=
proxy_protocols=http,https,ftp
browsermob_proxy=false
browsermob_host=
browsermob_port=0
browsermob_ports_range=
browsermob_disabled_mitm=false
proxy_set_to_system=false
report_url=
email_list=
failure_email_list=
track_known_issues=false
auto_screenshot=true
implicit_timeout=10
explicit_timeout=20
auto_download=false
auto_download_apps=
custom_artifacts_folder=
retry_interval=5
project_report_directory=./reports/qa
max_screen_history=10
max_log_file_size=150
result_sorting=true
big_screen_width=-1
big_screen_height=-1
small_screen_width=90
small_screen_height=60
init_retry_count=0
init_retry_interval=1
retry_count=0
enable_l10n=true
l10n_encoding=ISO-8859-1
locale=en_US
enable_i18n=true
language=en_US
thread_count=1
data_provider_thread_count=-1
core_log_level=INFO
core_log_packages=com.qaprosoft.carina.core
artifacts_expiration_seconds=2592000
log_all_json=true
date_format=HH:mm:ss yyyy-MM-dd
time_format=HH:mm:ss
suite_name=
jira_updater=com.qaprosoft.carina.core.foundation.jira.DefaultJiraUpdater
jira_url=
jira_user=
jira_password=
jira_suite_id=
jira_project=
jira_project_short=
jira_create_new_ticket=false
test_naming_pattern={method_name}
optimize_video_recording=false
testrail_run_name=
testrail_milestone=
testrail_assignee=
qtest_cycle_name=DailyAutomation
qtest_suite_name=
s3_bucket_name=
access_key_id=
secret_key=
s3_use_presign_url=false
s3_local_storage=.
appcenter_token=
appcenter_local_storage=.
add_new_localization=false
add_new_localization_encoding=utf-8
add_new_localization_path=
add_new_localization_property_name=new_custom_messages_
tls_keysecure_location=
health_check_class=
health_check_methods=
uninstall_related_apps=false
default_device_timezone=GMT
default_device_time_format=24
default_device_language=en_US
android_screen_record_size=
android_screen_record_bitrate=
android_enable_bug_report=true
ios_screen_record_quality=MEDIUM
ios_screen_record_codec=libx264
ios_screen_record_fps=10
screen_record_duration=180
video_scale=-2:720
ignore_ssl=false
test_run_rules=
hub_mode=selenium
extract_sys_log=false
selenium_host=http://localhost:4723/wd/hub

------------- Driver capabilities -----------
capabilities.deviceName=GIONEE A1
capabilities.appPackage=com.amazon.mShop.android.shopping
capabilities.platformVersion=7
capabilities.appActivity=com.amazon.mShop.splashscreen.StartupActivity
capabilities.automationName=uiautomator2
capabilities.platformName=ANDROID
capabilities.deviceType=phone
================================================

2020-01-24 11:00:36 CarinaListener [INFO] Set data_provider_thread_count=1
2020-01-24 11:00:36 CarinaListener [INFO] CARINA_CORE_VERSION: 6.3.30
2020-01-24 11:00:36 Messager [INFO]  TEST [Default test - init] STARTED at [11:00:36 2020-01-24]
2020-01-24 11:01:05 Device [INFO] Test will be started on device: A1:
2020-01-24 11:01:09 Messager [ERROR] A1 TEST [Default test - init] FAILED at [11:01:09 2020-01-24] - There is no any class that satisfy to required conditions: [parent class - com.qaprosoft.carina.demo.mobile.gui.pages.common.AmazonHomeBase], [device type - ANDROID_PHONE]

com.qaprosoft.carina.core.foundation.utils.factory.ICustomTypePageFactory.initPage(ICustomTypePageFactory.java:110)
com.qaprosoft.carina.demo.AmazonTest.init(AmazonTest.java:14)
sun.reflect.NativeMethodAccessorImpl.invoke0(Native Method)
sun.reflect.NativeMethodAccessorImpl.invoke(Unknown Source)
sun.reflect.DelegatingMethodAccessorImpl.invoke(Unknown Source)
java.lang.reflect.Method.invoke(Unknown Source)
org.testng.internal.MethodInvocationHelper.invokeMethod(MethodInvocationHelper.java:124)
org.testng.internal.Invoker.invokeMethod(Invoker.java:583)
org.testng.internal.Invoker.invokeTestMethod(Invoker.java:719)
org.testng.internal.Invoker.invokeTestMethods(Invoker.java:989)
org.testng.internal.TestMethodWorker.invokeTestMethods(TestMethodWorker.java:125)
org.testng.internal.TestMethodWorker.run(TestMethodWorker.java:109)
org.testng.TestRunner.privateRun(TestRunner.java:648)
org.testng.TestRunner.run(TestRunner.java:505)
org.testng.SuiteRunner.runTest(SuiteRunner.java:455)
org.testng.SuiteRunner.runSequentially(SuiteRunner.java:450)
org.testng.SuiteRunner.privateRun(SuiteRunner.java:415)
org.testng.SuiteRunner.run(SuiteRunner.java:364)
org.testng.SuiteRunnerWorker.runSuite(SuiteRunnerWorker.java:52)
org.testng.SuiteRunnerWorker.run(SuiteRunnerWorker.java:84)
org.testng.TestNG.runSuitesSequentially(TestNG.java:1208)
org.testng.TestNG.runSuitesLocally(TestNG.java:1137)
org.testng.TestNG.runSuites(TestNG.java:1049)
org.testng.TestNG.run(TestNG.java:1017)
org.testng.remote.AbstractRemoteTestNG.run(AbstractRemoteTestNG.java:115)
org.testng.remote.RemoteTestNG.initAndRun(RemoteTestNG.java:251)
org.testng.remote.RemoteTestNG.main(RemoteTestNG.java:77)
2020-01-24 11:01:09 Messager [INFO] INFO: '**************** Test execution summary ****************'.
2020-01-24 11:01:09 Messager [INFO] RESULT #1: TEST [Default test - init] FAIL [screenshots=file://C:\Users\Desktop-007\eclipse-workspace\Atlas_Demo\.\reports\qa\1579843836388/43ae1967-cc18-4eef-84ae-cccf68d1c838/report.html | log=file://C:\Users\Desktop-007\eclipse-workspace\Atlas_Demo\.\reports\qa\1579843836388/43ae1967-cc18-4eef-84ae-cccf68d1c838/test.log]
2020-01-24 11:03:21 CarinaListener [INFO] 
============= Test configuration =============
url={must_override}
env=DEMO
env_arg_resolver=com.qaprosoft.carina.core.foundation.utils.DefaultEnvArgResolver
platform=*
browser=
browser_version=
browser_language=
selenium_host=http://localhost:4723/wd/hub
driver_event_listeners=com.qaprosoft.carina.demo.utils.PerfEventHandler
max_driver_count=3
custom_capabilities=
chrome_args=
chrome_experimental_opts=
chrome_mobile_emulation_opts=
firefox_args=
firefox_preferences=
app_version=
proxy_host=
proxy_port=
proxy_protocols=http,https,ftp
browsermob_proxy=false
browsermob_host=
browsermob_port=0
browsermob_ports_range=
browsermob_disabled_mitm=false
proxy_set_to_system=false
report_url=
email_list=
failure_email_list=
track_known_issues=false
auto_screenshot=true
implicit_timeout=10
explicit_timeout=20
auto_download=false
auto_download_apps=
custom_artifacts_folder=
retry_interval=5
project_report_directory=./reports/qa
max_screen_history=10
max_log_file_size=150
result_sorting=true
big_screen_width=-1
big_screen_height=-1
small_screen_width=90
small_screen_height=60
init_retry_count=0
init_retry_interval=1
retry_count=0
enable_l10n=true
l10n_encoding=ISO-8859-1
locale=en_US
enable_i18n=true
language=en_US
thread_count=1
data_provider_thread_count=-1
core_log_level=INFO
core_log_packages=com.qaprosoft.carina.core
artifacts_expiration_seconds=2592000
log_all_json=true
date_format=HH:mm:ss yyyy-MM-dd
time_format=HH:mm:ss
suite_name=
jira_updater=com.qaprosoft.carina.core.foundation.jira.DefaultJiraUpdater
jira_url=
jira_user=
jira_password=
jira_suite_id=
jira_project=
jira_project_short=
jira_create_new_ticket=false
test_naming_pattern={method_name}
optimize_video_recording=false
testrail_run_name=
testrail_milestone=
testrail_assignee=
qtest_cycle_name=DailyAutomation
qtest_suite_name=
s3_bucket_name=
access_key_id=
secret_key=
s3_use_presign_url=false
s3_local_storage=.
appcenter_token=
appcenter_local_storage=.
add_new_localization=false
add_new_localization_encoding=utf-8
add_new_localization_path=
add_new_localization_property_name=new_custom_messages_
tls_keysecure_location=
health_check_class=
health_check_methods=
uninstall_related_apps=false
default_device_timezone=GMT
default_device_time_format=24
default_device_language=en_US
android_screen_record_size=
android_screen_record_bitrate=
android_enable_bug_report=true
ios_screen_record_quality=MEDIUM
ios_screen_record_codec=libx264
ios_screen_record_fps=10
screen_record_duration=180
video_scale=-2:720
ignore_ssl=false
test_run_rules=
hub_mode=selenium
extract_sys_log=false
selenium_host=http://localhost:4723/wd/hub

------------- Driver capabilities -----------
capabilities.deviceName=GIONEE A1
capabilities.appPackage=com.amazon.mShop.android.shopping
capabilities.platformVersion=7
capabilities.appActivity=com.amazon.mShop.splashscreen.StartupActivity
capabilities.automationName=uiautomator2
capabilities.platformName=ANDROID
capabilities.deviceType=phone
================================================

2020-01-24 11:03:22 CarinaListener [INFO] Set data_provider_thread_count=1
2020-01-24 11:03:22 CarinaListener [INFO] CARINA_CORE_VERSION: 6.3.30
2020-01-24 11:03:22 Messager [INFO]  TEST [Default test - init] STARTED at [11:03:22 2020-01-24]
2020-01-24 11:03:39 Device [INFO] Test will be started on device: A1:
2020-01-24 11:03:43 Messager [ERROR] A1 TEST [Default test - init] FAILED at [11:03:43 2020-01-24] - There is no any class that satisfy to required conditions: [parent class - com.qaprosoft.carina.demo.mobile.gui.pages.common.AmazonHomeBase], [device type - ANDROID_PHONE]

com.qaprosoft.carina.core.foundation.utils.factory.ICustomTypePageFactory.initPage(ICustomTypePageFactory.java:110)
com.qaprosoft.carina.demo.AmazonTest.init(AmazonTest.java:14)
sun.reflect.NativeMethodAccessorImpl.invoke0(Native Method)
sun.reflect.NativeMethodAccessorImpl.invoke(Unknown Source)
sun.reflect.DelegatingMethodAccessorImpl.invoke(Unknown Source)
java.lang.reflect.Method.invoke(Unknown Source)
org.testng.internal.MethodInvocationHelper.invokeMethod(MethodInvocationHelper.java:124)
org.testng.internal.Invoker.invokeMethod(Invoker.java:583)
org.testng.internal.Invoker.invokeTestMethod(Invoker.java:719)
org.testng.internal.Invoker.invokeTestMethods(Invoker.java:989)
org.testng.internal.TestMethodWorker.invokeTestMethods(TestMethodWorker.java:125)
org.testng.internal.TestMethodWorker.run(TestMethodWorker.java:109)
org.testng.TestRunner.privateRun(TestRunner.java:648)
org.testng.TestRunner.run(TestRunner.java:505)
org.testng.SuiteRunner.runTest(SuiteRunner.java:455)
org.testng.SuiteRunner.runSequentially(SuiteRunner.java:450)
org.testng.SuiteRunner.privateRun(SuiteRunner.java:415)
org.testng.SuiteRunner.run(SuiteRunner.java:364)
org.testng.SuiteRunnerWorker.runSuite(SuiteRunnerWorker.java:52)
org.testng.SuiteRunnerWorker.run(SuiteRunnerWorker.java:84)
org.testng.TestNG.runSuitesSequentially(TestNG.java:1208)
org.testng.TestNG.runSuitesLocally(TestNG.java:1137)
org.testng.TestNG.runSuites(TestNG.java:1049)
org.testng.TestNG.run(TestNG.java:1017)
org.testng.remote.AbstractRemoteTestNG.run(AbstractRemoteTestNG.java:115)
org.testng.remote.RemoteTestNG.initAndRun(RemoteTestNG.java:251)
org.testng.remote.RemoteTestNG.main(RemoteTestNG.java:77)
2020-01-24 11:03:43 Messager [INFO] INFO: '**************** Test execution summary ****************'.
2020-01-24 11:03:43 Messager [INFO] RESULT #1: TEST [Default test - init] FAIL [screenshots=file://C:\Users\Desktop-007\eclipse-workspace\Atlas_Demo\.\reports\qa\1579844001890/149318c5-1460-473c-86f0-fd2e539fdace/report.html | log=file://C:\Users\Desktop-007\eclipse-workspace\Atlas_Demo\.\reports\qa\1579844001890/149318c5-1460-473c-86f0-fd2e539fdace/test.log]
